2020-04-30 00:40:59,125 Namespace(cfg='/home/wangxuanhan/research/project/deep-high-resolution-net/experiments/crowdpose/hrnet/pose_hrnet_sogae_w32_256x192_adam_lr1e-3.yaml', dataDir='', logDir='', modelDir='', opts=[], prevModelDir='')
2020-04-30 00:40:59,125 AUTO_RESUME: True
CUDNN:
  BENCHMARK: True
  DETERMINISTIC: False
  ENABLED: True
DATASET:
  COLOR_RGB: True
  DATASET: crowd_rl_pose
  DATA_FORMAT: jpg
  FLIP: True
  HYBRID_JOINTS_TYPE: 
  NUM_JOINTS_HALF_BODY: 8
  PROB_HALF_BODY: 0.3
  ROOT: /home/wangxuanhan/research/project/deep-high-resolution-net/data/crowd_pose/
  ROT_FACTOR: 45
  SCALE_FACTOR: 0.35
  SELECT_DATA: False
  TEST_SET: val
  TRAIN_SET: val
  VAL_SET: val
DATA_DIR: 
DEBUG:
  DEBUG: True
  SAVE_BATCH_IMAGES_GT: True
  SAVE_BATCH_IMAGES_PRED: True
  SAVE_HEATMAPS_GT: True
  SAVE_HEATMAPS_PRED: True
GPUS: (0, 1, 2, 3)
LOG_DIR: log
LOSS:
  TOPK: 8
  USE_DIFFERENT_JOINTS_WEIGHT: False
  USE_OHKM: False
  USE_TARGET_WEIGHT: True
MODEL:
  EXTRA:
    FINAL_CONV_KERNEL: 1
    PRETRAINED_LAYERS: ['conv1', 'bn1', 'conv2', 'bn2', 'layer1', 'transition1', 'stage2', 'transition2', 'stage3', 'transition3', 'stage4']
    STAGE2:
      BLOCK: BASIC
      FUSE_METHOD: SUM
      NUM_BLOCKS: [4, 4]
      NUM_BRANCHES: 2
      NUM_CHANNELS: [32, 64]
      NUM_MODULES: 1
    STAGE3:
      BLOCK: BASIC
      FUSE_METHOD: SUM
      NUM_BLOCKS: [4, 4, 4]
      NUM_BRANCHES: 3
      NUM_CHANNELS: [32, 64, 128]
      NUM_MODULES: 4
    STAGE4:
      BLOCK: BASIC
      FUSE_METHOD: SUM
      NUM_BLOCKS: [4, 4, 4, 4]
      NUM_BRANCHES: 4
      NUM_CHANNELS: [32, 64, 128, 256]
      NUM_MODULES: 3
  HEATMAP_SIZE: [48, 64]
  IMAGE_SIZE: [192, 256]
  INIT_WEIGHTS: True
  NAME: pose_relation_hrnet
  NUM_JOINTS: 14
  PHASE: train
  POSE_RELATION:
    KPT_RELATION_DIMS: 600
    KPT_WORD_EMB_DIR: /home/wangxuanhan/research/project/visual_genome_python_driver/cp_kpt_word_embs.pkl
  PRETRAINED: /home/wangxuanhan/research/project/deep-high-resolution-net/models/pytorch/coco/pose_hrnet_w32_384x288.pth
  SIGMA: 2
  TAG_PER_JOINT: True
  TARGET_TYPE: gaussian
OUTPUT_DIR: output
PIN_MEMORY: True
PRINT_FREQ: 100
RANK: 0
TEST:
  BATCH_SIZE_PER_GPU: 32
  BBOX_THRE: 1.0
  COCO_BBOX_FILE: /home/wangxuanhan/research/project/deep-high-resolution-net/data/crowd_pose/person_detection_results/coco_instances_results.json
  EVAL_DATA_DIR: 
  FLIP_TEST: True
  IMAGE_THRE: 0.0
  IN_VIS_THRE: 0.2
  MODEL_FILE: 
  NMS_THRE: 1.0
  OKS_THRE: 0.9
  POST_PROCESS: True
  SHIFT_HEATMAP: True
  SOFT_NMS: False
  USE_GT_BBOX: True
TRAIN:
  BATCH_SIZE_PER_GPU: 32
  BEGIN_EPOCH: 0
  CHECKPOINT: 
  END_EPOCH: 210
  GAMMA1: 0.99
  GAMMA2: 0.0
  LR: 0.001
  LR_FACTOR: 0.1
  LR_STEP: [170, 200]
  MOMENTUM: 0.9
  NESTEROV: False
  OPTIMIZER: adam
  RESUME: False
  SHUFFLE: True
  WD: 0.0001
WORKERS: 24
2020-04-30 00:40:59,730 => init weights from normal distribution
2020-04-30 00:41:08,115 => loading pretrained model /home/wangxuanhan/research/project/deep-high-resolution-net/models/pytorch/coco/pose_hrnet_w32_384x288.pth
2020-04-30 00:41:09,075 
Total Parameters: 29,307,054
----------------------------------------------------------------------------------------------------------------------------------
Total Multiply Adds (For Convolution and Linear Layers only): 7.2037353515625 GFLOPs
----------------------------------------------------------------------------------------------------------------------------------
Number of Layers
Conv2d : 307 layers   BatchNorm2d : 305 layers   ReLU : 268 layers   Bottleneck : 4 layers   BasicBlock : 104 layers   Upsample : 31 layers   HighResolutionModule : 8 layers   
2020-04-30 00:41:09,409 => classes: ['__background__', 'person']
2020-04-30 00:41:09,409 => num_images: 2000
2020-04-30 00:41:32,774 => classes: ['__background__', 'person']
2020-04-30 00:41:32,775 => num_images: 2000
2020-04-30 00:41:56,026 => classes: ['__background__', 'person']
2020-04-30 00:41:56,027 => num_images: 2000
